gAAAAABoYwMRUfZKC806GOPDpP51bjQXnozorD_9UpeTebNqlg8XV3serH6x72baEo2Rz3uL7G-txRto1qWhXhv-ArvYwLeWCELL5Tv_aKaPWu45enqqi7w=
gAAAAABoYwMRKaU4P0RKAJFp3gXlWjuMbswC0QL6B8VvKUzMlnVdzdcJn83k756Y7FaLIFo66wsr_2NypeW1vwBwxbgpr1k9bq1vI4p4NLAHNwxjY9OUMys=
gAAAAABoYwMS4Yal4I2mrN0vMtVnzfOQ9PqaYa-i7Egw_D2vCQ2XQ8qMqyWgyYdZ6ZZejC2KmQ9Cyr64-tDUl6bA9qzazF4SfA6pK-h9Q5eAOOKhk74LjBI=
gAAAAABoYwMTeFyc_OIIO8gevN3R3gQQ0M-a4Z8BlztvdKFMRKgaOScYLJmbezIVCvAKwouRtVgA_qa6XwBZOeLy0CXLXDLKIkmYRonAu9_TQ4FwzDxu_ac=
gAAAAABoYwMTuh0woUHqqa_D8JQnhjxzeq2cc8tNBEa0Fs-ubmvUXDwOeTeFkZ5sntInJSbVMq5byY9EKS1n4ilW1m0GqFV7NDAyjCXWIr288SMwZaWUxFg=
gAAAAABoYwMTBf2fVz0a9Sy1amdmALqgCe7WUjEtObz28YJ39AqKXS5WJblrdY6-5uhI3kjO7weaaNLyg72mPjIhXTHx9BXCCnso_delsYjuknwOFyAOxYU=
gAAAAABoYwMUaD89471dniNjSV7IwCfzy-UzQOvZmc7fB6nF3HuLFbMUvXE6A2G97TlSyeR2LmFmy9zZ80XWYYpSYD7x906H6h-nON5shsDAIXf803N3HyI=
gAAAAABoYwMUmJ1Ywkvo5FaUwAqij4Vu875pOhjDU8f8OY7xwxJBKmXNZFR2fahFlX4llEj4InMu5EdK2Pp6QU9P6If7uMAaf_hICDM1xf4glOfQpPIktFQ=
gAAAAABoYwMUHF0Y36zHblo441E6EsPjnxNbdfTsXSBscrE0Qwk_hf8k6ErLyrfCTFKf7wwmvCrSgAWJuxAAlyhQDsbNG5aleEn8NR_YkNqkLiNGglIeAPEEUG-6-K9Fyq9R5GaE0ile
gAAAAABoYwMVZxyqj_-xEJOwdVFWyi-N-11_Mp8NUm7XACDxrmaY8_7GgbrwJsQ9cooBlPHjZ8sdB67dGArOS1ND9y2AatvwgCKQj7Eq8EcmqaGl6LCKqV8=
gAAAAABoYwMVqhbgKb2Q7_aW52sjENK8Uvlmt2-wQdxj6rQUueHo7E-N1yznNcTwH9qKVdW6gFx_J9EaReywtqO-ejUXAQiLRkBMBwl5WgATT8d4EkXAvUY=
gAAAAABoYwMW4xsGt41yzj5aDxai7OntK3bjL-VNM1MNeyWTc7gRi4IqLvKmyI2N0fP3yGkfgsogwflYEeO7iOsE6Bia434IliJD6Q1A2pieTTBGapRrF4E=
gAAAAABoYwMWUuz72SxGMQiWDn-otxr-YJGl8RD7gCmvrZHartkClvS8FK3k7L1Oim0CNKxEryRbb2NOqByheTp2nTVqzqFzFSKrvkZ85hpLzcr5zZBZ6GQ=
gAAAAABoYwMW5wMCyNz1cmh58KuWcDlL9W8SebOB6-zfdxgCAUQ3C0nNJhez0PRHoycJ8AQAQgPr3o55O9q44IRfNfgo9m1yi8Npl4i5NL-fhewwgGmJchE=
gAAAAABoYwMW1GWmWXaMg7vrFhw5AzwUAwrcI8iASYgDP9s3d-SlsidDtWQ5WQMb7_tPGyeJYWVGTIEjGA5UVGZ27r8jzT6eh9FVFVQEdY3cHi_Gkkd86_8=
gAAAAABoYwMXOZYl5J3fPAuSLbciZ3GXod1AKI2KARHUO5mtN92aJjQfaO9BzwTl5V8SazE-4wRJLBgD8X1g1secxSuD0y6taVW_3kNZOpMRLYiJyW_YBH8=
gAAAAABoYwMXrnKuKBTVOfOZJiRfWge20uNuKwEaT9FHj7wHA-yX67a-86MebIOj0XvKha_I14SHfT3N5ODGLDIVmqipORU08hBtgd_N253uQwedLSkaA7M=
gAAAAABoYwMXrYSW_MTBFLlEUwLIR_0YE5_xSpxNx0w_m3IK53uH4yItPsxFPp61_gLVW6GdmcPfhlKesZwxXQHWaduALbB3TuiL7wMMbQMoQO9Lmpkr1tc=
gAAAAABoYwMXWx_GFPWEaAvCZzV7mWjYXZRDwwvfW8GJKd4795S3i-PSMCCDOtwAj1xPNSztQbxu2ocB6UyYWtGwMwM-BaIZ2oyy6bO4gfKvETAIlf9VGyQ=
gAAAAABoYwMXdSdhvU8ygdKTZFHxT_7-xbmeNQGZQ_tyyIESd5mNyXrxFT3MW6EvuIfM0lJzo_lixMFGv8SVUomGKcBNYtDpkaRiAuTyrN5vp-0keKHIxg4=
gAAAAABoYwMXFlKe8lQHF4cnghmA9I8BtGE5VkuNtnvIcR_p-LynqK2oG9lpulmng4WkVyG58P-zthHbc67f5eqvYvlCm32w1Fc2oU5s4-1WLaH2gIes4ro=
gAAAAABoYwMYbShlKpi0vGAXX-C8e6AsSFBMmjyl5JmaAorP3PymIoR8pqBHTP0ocQFtey5hF2QIFn9p0zXmBLeJGZqnyQDEjcwgfuN_H3sqQH60W5OTmvg=
gAAAAABoYwMYQ5FOidWVyP-9VuDeBVsvUkUzzJ0lfggsNHrwKoXLYE0BAFHNj_kXhJ7qcbc9adkkXoI2m4kkX1aM77D4bMFUEwx59jZkb1fL2Htf-yKnXxSLTL5e6DzGthClJN7rADzo
gAAAAABoYwMYqfGBWwMTC3nbhw5bu8_OltnMu_EJMwjGAt44W_O-5cfVa8t9H0UQ91kJoSMwzHKzMmjJgiH-9Etrvmhd5Qd-I48sXabTKyjEfvG8pWS_uJ74ivMS1Nvz9bpYPR2BAnMB
gAAAAABoYwMYBeijwrozHW1zeEJ0vKxYiWyDhEPQS2Fw5I3VGEa5yR6AwdnxNshAjbFyBqhe67mtLFF4zKamnluqsBRgAQwbeuN6FlZfDsxzzyV6S8-PJlLPPN7rUOy7oXHjvMJTOrnc
gAAAAABoYwMYcR1NpJSaQ8QKOAlyP_6ckosYIrghf4OLvygntcX7X5oPoYNCBbIoOtiwddG8XteUi1RO6ouYdOsCYbMp2xlzAgkRUoIv1Amxo3iv2Ww3xDs=
gAAAAABoYwMZu7hc8Fb_EAubD44_MQOkt4FcY4cFkLoYXWC1g7VXQ5FxDhBsbsVvsuLFvCvlZYC2anofnBC51T0Gk5lkEc8cc9kxVDD9SkEeZ6hFU-EYFsg=
gAAAAABoYwMZP0jWcLj4f8Q06Uy_dDvUAYCKXXuRXzoQDw-PtZA0f3eAPnd0p2dlPIzevdV7sH-yUyvMtkgBP91ABj-xdaVSjULswp6ENhdi3JONTWWBY4E=
gAAAAABoYwMZcjkbVmFFEmwDGwAhZgcnAIk4-lgvmcAUVMJGtsWtYAamI-L8Dw-kRmYiKH-ZW7jypqG-H9bo3VuFWC3MsqZpIPKybWIN1hBT-W2N7QVP7OioAFKOFOaqNYpM0X_z4TEd
gAAAAABoYwMZdWIrddSqugYqW8GWVbxH8vh6GEBmA9VsDIeVbm_G1A4-ios8Q-NU06wPjOJAAJvbveBUhg7-HXBZpqkRKu4KPrYsuT60yZYX4mWDONjQKLc5mIrO6OJHS2_sPigshch9
gAAAAABoYwMZKKZ9ubnXxjLxk3Ksm7imewvCd0hR-GKc8lXvDa7RC58OTVCYRiYkhvDwTR_MdnsfTwIIFR4QqcRRM40UFceLSMHTgAien67VJQDyE48Ay36x0wgLsF6jDlUuKS3IWV6U
gAAAAABoYwMaHHHgxVocUsT6XYQ6_JhX3JTpoXYA-_BDRrCTmtnjvj96mXq2Os7NZlcdb-P0U6QnYPk6FianKFNowWm6te6Ob_xGUaSLwVL7Huu57aO__0k=
gAAAAABoYwMaJDJ3rj6X7GMjHqzMuuTcZEXpNCpGp_31CMLWeA1OozgRP9luyoYFBM7wIV_q4T4SED8oAVLndxCiqV0hNrq97xoFv-XuhM0iFwzZslAGVLg=
gAAAAABoYwMaajocAqNa9TaSs2oIFrD2NRhk-DaQ-VHl5YyteEXDJoHZkVd_u4Tkx3IgG-HdYqSYuetskcB0tQOsix6bCajmC3FexqwsUTQ2vzuPOog7hT3OV7pVkQRBRuoqkPloRYQ4
gAAAAABoYwMbvXEpBMcAjwAHx-4-nkEsspPX11l0xdv5VnBeXsrGZbX5hxhYvyA6KKtENnvAt7rr7XcHpKQNkitBNrVuX4G29G5dwu7OGZNJzo6MoXs3fdo=
gAAAAABoYwMbTfiAHphpMVWAMDhqctycZTx-J23UMADojTpcA1qnd56nAXYTUeM2WATmhNZ27Ak56UanuFhl19MtPIUM-Jk5ZjzFmOekyboUjzk6-4Xr16E=
gAAAAABoYwMbpBGPIW_6TmP8g4DNZAitJ1TijvOIF7HlJjKbWJx8BvddLgKWlgP6ca35QKqpHSDhDUEB65vS-ISBldjVC8ifGbpF5B4gkgGW6SrLBwaUb8w=
gAAAAABoYwMbBFQqzNxk6TFNiOpWRmv4MMTsfcFv0UnV10T7rb30lWe745EAG7nCTs7aCFNrXFYB1AOmwMAz5G8A7k9dutnctEl4lsFGhX2bVNMZAFAf8Ow=
gAAAAABoYwMbTGRV087WHJ2w7sudtdcllZgXX9vj1N6_aTp5gS0PtZsKqpjqcA8jKsi2YCC8tZ55L9kAnjiyaa3iJHOCQAO1szlKputXv9zUyPVoYOcDcm8=
gAAAAABoYwMcN-Qr2MOpViTGgVV3vQjqD4jmxWgo7GJ2S_YFij6yJyonRYM-f5DCFRFhfk4G-2KdnCrZ-Ur5_t-0rv06y7-RFReofhcGNJ_s-e-YvuH1PTI=
gAAAAABoYwMeHH_cZDmBZyiY_8_9rIZ_xIPpAGrolSzCv34XJhzUjUxsblZu-dCpZLFs2X0lHukseqE3j3ClUZ1VWoygV9kz4rh6sCbOWqOJcvUgl26gdJY=
gAAAAABoYwMeK6unEPZ0N05v9HP7nCeVTXdiJ9Jo1lDATiBAsQ9TN8MRC8m-8JfcRMZLQipSHmjq6aXSannlPoH2f_jahZLarRw6b4HytVi0ygawHZaNrTc=
gAAAAABoYwMeFjcQDILgR6dES7EUwU18MJd98g-hMUz8cYrP51uI_ywJz2qTWlmJHQx0lRoEVaU9-3am73Amhq9zyZDNGfSS-ruUtAdtJuKjsQyNkFTkFAQDJsqpct4vmZyzPH5bWXl5
gAAAAABoYwMeP5nMFv5ADVVqS5X1o5EYwjxVaKBKFdcw2SUAL5R84aWxM5iTsFmlmGG3JtE2xEAiCuxaJgAX_9yCzsR-j-U2fKm-wu8bVSrzzQh93JsXQgE=
gAAAAABoYwMechRuVnxHm7jiomo2ljz6FHjno8qR1ixdNFcw2oc6qN_KcqKORmBHo5rgEOTDEaEOaDaUo_uNd9jJr9jUSn5fq0yVEmzl7rSZ-3jsuQdmKqo=
gAAAAABoYwMes6mPBU9C9uZZfrWOX57Da60IXu56uZ0rLLUHRO-knz1ktS5fMrpluE1mKzRLeVjzbzQuw5xOzB9jXWGeWt4nqufJxzQknaMFuNmEhFfCBbA=
gAAAAABoYwMetmn5smQztSvF3i5BjBRx5aEKbo35DkBEC-nrBNu0YSrh4ZJ3ZYwg_Lbzs0H_KiERxf6YoDvGrDdfVONk7-p6_xKuEgF7D6ExWZpvsu31InM=
gAAAAABoYwMeaNadWhSLPedocbLqD4FhTXNkEB6DoKhih1gHZJ_crJ82vvud1VshRxWp6suVEWJ92I64J6YVN9NkxqcTbjJkgiVPjpzN6kBwkLEPMhio1v4=
gAAAAABoYwMfrPY5d0UfMjiThiyGK0R5Sy8fFGRKQ6ricFS-4mdyJrP7dvKjTApSdhvKt79jNCSzyGu4dpnsEO2ji74Mhj8impxMKmZth27KAwq50QpI5II=
gAAAAABoYwMfIgPN0HRcBx-meiC6ScZ0CXbeExkShq8zYC_HTo80ZvtafZxvuusrwoTjbRQHv3BkZ2LUAqmPu7DIakQkPqQ5f2yEzgKQ15yJPg6OL9ip5nQ=
gAAAAABoYwMfyJoLUGIcZ5lrq8NPhSBK2EM6runvDGBXsm9Y19QjlA19sSnPWRAnvwAE_GR8NYoagsTK0eskg_7M8zB_q1dAl0o6e_ADjcecKG8zvlsGCj8Quemf7DFt7VgWTK2i5G8l
gAAAAABoYwMfCrITMSpK8Z7y5bv18URhm-sEyHsFq4-E_PvPR-OlPX36Br36CCp23b2D-sPwxbuYaPuGALwiNzLGvQQlS5ivdFfEu7zinnKr8S6Uu8XQNLA=
gAAAAABoYwMf24E9AIzWBA7bg3kjPJXAa-e7bhavKDk7H7TPe4GyxycuLHqBHjE7lLb_sfBB8M7DL_-83jBIOtUYG6S3TfdslLrTbj60p6TZC2At6lRQ8Vk=
gAAAAABoYwMfR9med4fVte92wRzKn5_YLit6D9BRzfYsN6BvVIqLJSEAa8uGZ_4p7DhKOjJNnbd5r__l0X76HiWSVjoja8txUiVmv7hInsjphwA3IR2hG7M=
gAAAAABoYwMgxeeOLFnujvkZdrLWUrgEwCsBnXyPoYbkD5rDQTec2iVpM_nAN6YnHtZQpwZgn76lrD6Re9aX77E6dllu43OKO1csgIcYRzNlsNwzY2wpOno=
gAAAAABoYwMgeHiBdjEQxWk2hVZ1zQBCaD_ox6mwkKXN73PmJmDIBNPvZzhRNAP29-R4rJh2RMWVyXgZcjX4FeVVCfi_fd7oy6m5kDbNqtyoSN1cbnhmrl4=
gAAAAABoYwMg4IcmfhLRvcgVTaw-c5DRUoZzlwMAdnozyr5kCSbzohiRq7eqpsXRwS7zzB47zJnoxaYRWtxCpIoB5Q8vLM-k992pMPaZLGwkuhiIoo3DPFE=
gAAAAABoYwMgBWw892-yDVJddIdNIgFInPoACrjoPmrTWwNhuai6N54o-ndw3Cg_6QalX1vK97AvJJDeiPZmoiacCmUf9UCdg95WuDMdrx9t0Zn5NOIttz0=
gAAAAABoYwMgLbWUasJD4Slbghm-b9F9dKvoXOK7acWjTqfQZfANsgynHa4SuTf6DlPja-oJF8FV5OTeaQmRNWMmRLS9jFGJa83QK9W6hloHm-5C-TpQNmg=
gAAAAABoYwMh-4Y7YwRZNwB7najvAC7xOCSGy0eVMOIcQe3FpOCTE9S5nLSV9EGHqCxcuzUEMR8c7GrNhl8PfYJWsp_1oNi8BMcg5NV_K5dekLuL30GHx_0=
gAAAAABoYwMhzAdjAIwKuAL57xSmPzHXYB6RGNqHgwRp1P_HdYqBAN1fRuJNMg0hXQeY51K2ql-zDr8igNz6Qad1MnbQNjeBhc5UdnY7gyvOUAOKYugbZ7RRXOER8TKSVOcF5gdEWffn
gAAAAABoYwMhDVk1yCiAfxNBX6JcaMc_mWBnVl_7KegauObnkMXbwrQ3bD8Q3U-zbtipqq1q8qLKu3LGtis4RH2YKX1ZHkO-6UNCxeZX_MU1k-x7XT4HcO0=
gAAAAABoYwMhoq2M8Kgj9HcVQKBJrcygsLQWyHr_kuz58TKEg6Tjda3vQ4yaL0f2WPuquyDp_JY3NozaTa2ElMNicbKbV6m2wgYsVCpAufS_PaPbpgGC4RU=
gAAAAABoYwMiKUaoWKxttSDRpmJK8F3KcRogZwA1qADI1lSd_kZNV9NQF3cklG8jC1fwZAlFCg7XyR9pZyWLApaU_xTwoIshywfqHctFMVW9Qof_Q2wmaq_TT0uw66t_TJ9zQ44Pblhl
gAAAAABoYwMik1ysO6RzQgvWfeoDd8h2i_5RrZYOiXkVDLF8rAWqgPvZWmW18kGHCsRmSuiok5y8AmUJYsb2fpp6F20EvIBqYXNZE4JdPVBXn_LX2axshEg=
gAAAAABoYwMiueCeKmOBd5eNx2W8q5HBINwDTPsnaH8gArY5GBDd63CFVRv6xKEJ5JDkm3rxGIsTFX19acbQajKs4sYxXEMnc6iB7ZzicClI_DPE_atIoVg=
gAAAAABoYwMiJce39XuvrpBVLjKzbpIxo_-FuUfvJ_qt48RJcm9PW42vw2YVfpFzUpeIhykO0ZYf5tSqB5dRlx7zvPRJKJOxCKnDVuFvbhWCImcD4Zfo8fo=
gAAAAABoYwMiqvvEblr3yfPwZdZ6bmYVSvS6dpi_x66osEIwEy2YiL9nuqR-9qknbicnmrlG6SPQdXvLlC0Yw_LK2M4J8jJmGD4Rqa5AUQz-41FhJTMZG60=
gAAAAABoYwMijZIrq7RQeDRhngiEmiYvod9x3fLqFhLp-5q9NZdCXANmpSYBDrcvZkrc_sxWQeY79I8DEMVlXMriC42i8abmK2SRVUmQNtZgF56wVOQ1608=
gAAAAABoYwMjGyBAVyt3kkZaGLwEYwwKUxYrltzLBiw6-sGUDVre-HgodOsJdhAxS1_hi-5emzm01ANzuPwQD7qTo3e2e-UhzPP3vVehlblQpy9a36Jodto=
gAAAAABoYwMjGr7LMlHxm55vjSh4H3pCefk1GRJo6AyK_eG9yhPvFu8NI3xablxp6_S9xnibH0tFcE9kFaqfRjNZgRZUpTlrYhKNOtbYb5Jwxujb1zJK8yU=
gAAAAABoYwMj6NuuxcG1sVRRIsHfNlYr6AtRSjjr4PQzPrHL8Zi5k9_3eaGAvcjpEXpAxULwqaI1QRjDanI4Ce0yTkcZNT5l9oiZO2OceMBMzcAW_vkRvOk=
gAAAAABoYwMjlMWRQsocSHFOL4ztsRA8K_ZKwNYhk6-9e9ByouwhsqqWBscpoGVJrhl-MEB_aj-3Ewy8flMmzun3hFSmirKv6vD1MZ1Ef2Yw2Dbx41acAnc=
gAAAAABoYwMjV307_AJutJS6gWKLjtvKSr-BLzlajcDfZ_m2BsOyO3vtac68A9uKHBefOxH-ueA7qtHCT_YZ_MfwWrvCog3bn-gMgCf2LXkgONJUdNrVwbEECdgkVPlMAFgKzgcZ3bpV
gAAAAABoYwMkeTHlUh0jMjHist56x7G9DLskstsSf8Yd_PKJzB9zoGFPDHDk9tuBhptoujBl4dlTKZmBdfq7zZ9Cwij2B5551oHHRXwmIDHWSfZen1CqKqantaoDRMS_8NRY0N1XeYdj
gAAAAABoYwMly1-tOHDOOBI6WG6L-SAiZApSp6qAlIUL4LPLam2DoTE8VzNQbdWXqlSmf6LWBd8YNKiHBrYs3hfvtlej3zCfN4WLHg-AtQL98SE-hwoK5wI=
gAAAAABoYwMlBxIqq4raAXywWs7No0cmQqJk1jcyxQA21sSMmFtT-gihqkOwNiMxOvXfA3t-GNLOCf0TdUjVZ_jeIswp4Td8bixYh5-TWJODorX0Cir3RYY=
gAAAAABoYwMlVidU8nsaOf8588QSGvgcisGk-0OIbGj09u51SvbGYfUtrjeagg6vIvjbiTnVMpxAfpO5s7zDEAON0W3cac0hBuoWBrjTEVQQAihlat_LDGs=
gAAAAABoYwMlRbq6SyAfRDT3fnBc-aCQ4OQ5s-EXhXL3-9UchZIIkOW7NbLNNPY1pHOuu4pbCklLpo5lHZD2E83TA6pwRwUlS2SUpe4YtwqnlMBFx4Z0ka0=
gAAAAABoYwMmkghLQIOWTYO7R_HW-i7AU7UQ7nVhdoScxH_z90lyxokLCDyYDvZCejxrfsFmxC1e4syvi8sd8GLgmfpZ4HxXwga0X5Xhz_2t8Jq05dMi6xY=
gAAAAABoYwMm7TnyWAyV8gGzKoSSAB32nAggKCJVG7no2tkCbHzZ18-4kxF9PGE9vWEWP5l6NOm0x7LlnfVxoT-Qii2OX9rfRXoByU4Vk9sSP8ELGFiW_U0=
gAAAAABoYwMmRLdkQdQxBzVrlBeisIlmk9w7DrX1Ljg1XLb-4AzPMn8qmhK9aZ3oDm1KGq9ErLYpzXhOL13kmliihxwVBUfCYBWAiqKFVIgMlBCelKNhz_4=
gAAAAABoYwMmwIM3ZuK55VLyaIool9PKEHq8NNEVU7fS3PN5G1hJrcxNgosT8_nMQe-J00jA1fHJ5zw2gKTEZq7s-HR70cVan7Y_UlxQVhiVfOh_GsUlgdO9l1f27AnSW1yiPfjjFReu
gAAAAABoYwMnqQoG7OSqljFL8uzUrNe-PNQPFT1eLl35PJEGyzqxFeSwNS_0MpTHz2Uw_IDqtPlGfKGGTkU1-tq-dbNYBb1lVwq2boTFELCSjfNXTqZQeKU=
gAAAAABoYwMnsE-WAJyKUK2djVgGxzGLJQvabDr0eGQGPfBoAR8bBxrUgWugKqJ1RzNqZlQQi5w4uDOAh5-zjLHoh_mKIQvBr3_vmwegL39UzSJT9LqjiAY=
gAAAAABoYwMn2A-6pBFhIlOW87sXT_GFIGWKTHeklTyOl8PK-N6SpBVsRZMGbRSGPZfhwHnkADxL9EWpSuJAKdjZBH9F8xM4A4eidG488qAoo3W-9TJnHsU=
gAAAAABoYwMnfcDjAA3FNsAAvVxDR2NhFWMUmdqPFwltj6EMRQUDQzwdzruVVZoSzhyUrt1NGd8IVcQ4MDetIcxOvX1ZmsngQE3k_mUSsTVMRnm7yVp4nEY=
gAAAAABoYwMndemqJ-hP8a-e0UMbmO5_Ok2BL0YB2osvrb4vC_SDy6GCPnOCZ0I78CpQXeqYodeJD2oYPkGu9454pbreKvfXph-cnZYxsVspU5prAWX70L8=
gAAAAABoYwMo2Q_7Z75KH8-hBr76_50JF43LedMiKwgnBrm3AAZb4Oyt9ppbKu56B6xWTOpte1cfccCNpiF5aFDmmJ2TU7E5LWVyS5uJ7jW4IgEX_o2wbQ4=
gAAAAABoYwMo5kinH94HeRuHAGfqrE6UwwEa093-AsRMew-ZNO3h170Nxiv8YmN_fk3wC6Zz3K8pQx4KWi3wyeSvEeqJxf_GjagZnSx2y-PtF3m8XzzFZ39UTH-yWlmwOitMMgUsLclu
gAAAAABoYwMok8lLVYmnEsHhLs8mx-4e0gumTjTq3YdylYJV2qi0IvttIuYRina898KOcodY9gQKgUPb6nDkPLEeBZWPR4Hy4YzLcB0f9VJWCaJEJIUmu3w=
gAAAAABoYwMo-vYO9OPxWpKmacvdzCiWjYTgB245bqoM2sPtfgYtuSNBzG4ZN8dzwQesBWv82GelaOlsIiuSorPQX5JId7FuMtw0D8bpTUo_LSVYul5x76E=
gAAAAABoYwMoi3y9s_Xqlx5-U9BsgbL0d6th4PCbXZz408cv5Ayf77b2xTTlzPyDnfr5-WA4cY-NdDmn6HIBCdqUMuvGH4JWaypWOGZs5-pjcwvfS9R8Zn4=
gAAAAABoYwMpqccb4qq-_ZZBLIHrE-pqRkhD46MfjdIff9PLdw-tCNzHPmfkBSKpW5_xK4YW4KD-7I8MpE7EnSPdeYDxzWTZ-dQhNedHBrcSWZ4vxIMPO7o=
gAAAAABoYwMpz7tjdfX86qiIKBYr9R97pSYA8b5HyqNRu_gy4qQmTXdhG4d50Bzbsyl8ph8-CHUXq6hJQ2HYCYdQ3KJjzV6FBZkaKZnt7t2JSkgP8LSGato=
gAAAAABoYwMpGKuVHMoH1Ba9NlRKZo5zeg9PxKxv9bHviiZ7LMhEFhBdy4f2BTrkBc8X8eV1Jz1WW7W0fKs5ivksYCsOodkM1QTmerDZEo5xCFQDOf2BB4U=
gAAAAABoYwMpeV8F9vrUnbRiAsemDwsUDHokG6_E7prkxchg6t0IuYLUdN9wTYmgBvz4Plndkn8TtCqDO-dUox7Htw3vx9r37fYG_vwoW1Oif-w-GMMep3k5PU6O7DmDDnsNBK-EearK
gAAAAABoYwMp1uEjnnrjHD3-VneA7m68WbxDDsVrIMgohFL2lQn0EabnSgY-keflXWv20AL4gxzDQ6vLoi6ipH_D1vBjHyvdWIMqGUi0tNICp73NNOzfHB4=
gAAAAABoYwMqySYU9tpfQLrcpohSqLH3p2I99Pvfst_4vccnrURH2trImzLxOIt323XlMEMvbcIbinfKeAJotQ5PZQT98U604blBWWpzakmNHtGJuyvf66c=
gAAAAABoYwMqe6hUPsPiPbJfBnrvtY027ktYzLfMfH5xo8pL6HubzNuML09iYzFx-SPImB3d1ecwkCUJ-XujjEfiS-LsNjFxyNXjid2nUaa9rld7kTEMMJY=
gAAAAABoYwMq69vdCT9qVR2I3uZ-_rNHjztoMa73RsoHqu8HlHO8VCJMzfzN4fzoe_d1rTf_mszaaj1pxcoTuxC7yxnDRBu3_1W1j7jEv-Y9-qIaeH-w0sk=
gAAAAABoYwMrGN60QQ7SUuWalY7zJRMU1eMJaAOEBb-Qp9djP2x6UDjjA9bf0J82AW563Ggmly5nxD92hQ9pNfPteoFGStQcVEHVhbYVIQhxF9G0G9nBrijsjNd2g0Mj1EyTLRX-_wb6
gAAAAABoYwMrmuIgNy3kj1Qbyhf8D_9hVr0OhcNAx_amqmjDpoat49dTVzem7YIv6dAmD_jLADpyzQiyHRthAr4Rg11e9nUzU7zY0kMOubGMLWLs4VMOplk=
gAAAAABoYwMrQtiiGRWwzLP4bmfJ2XNXAazB510aIMFKzjaYRq161eJ-xYzh3bMRFjUpd9xXYr2BXfc8VURREvfrHswFEdHVNVnqvEDswiCfAWrwxLRQams=
gAAAAABoYwMs72uT94ldZgtg0GBOYMq6Vyzdz-qFOzKYt1VCXTGdXYJC9xol4Pp_4cO9pAPyhyGkB173VtKWK80b9gb0UczYEPPZLYo11ujR-nmVmIaJHrg=
gAAAAABoYwMsGg5dnTfhq5i77Fk2tV2EXsBKu_Ii0HuOpD1W_zE3wn9iIFugYR91kViDavHURyZCjvWA4CKw9ECSITVCjAbq5IhFxQmB99uhpmUY8_QQ5mc=
gAAAAABoYwMsLL_3FycFhOpotw2SywVqcutStjnmze9LUoLESl8xRQ3vXL0GwC8W7uweHOtn8fyiX9PZWr_Ea4OwxB-u0UH5fJ4vCChz2H3kyptyxsDHzZFMafIbptxU0q9RfOX8VmQ0
gAAAAABoYwMsZeqoGdds-Xw5zP9Srg-XMyPtK3BwBFwNC8EFVxq35LEkTyDGJ6SuHVVmjIC0q5X2e6U55RSInCtXF6RupzWtAYTuYH4GFQPIudQClwgexl5UymWhEv_O93Qxk8QwSU50
gAAAAABoYwMtaEJG3ZUu6WB5r11503-dRz4J5PxUSOLzsZyyzkvKD55ltsM8p_71RkiTagIGS6Vhf05PpHGsi_9a2u_eaMJoXdiXl4CRx7GPez1zuviF8WI=
gAAAAABoYwMttDriQWxQxrAPcDrEBTpJ_FY0Oz00hDM3lnbkmP7ASc-SeYdjr2i6QZf9tqZY35PFd1Fc-Ql4KTras8aUUfT8wT8kx5ddYRl5U-ANUg3vyOE=
gAAAAABoYwMtnAF7AnWbqj3hNcgZ5hcIJrvi-JPhMMf0fNb92peTTNlWb2mUAKg7XPK2kuU2vX1M5w0CNGB60ac2mLDxn-f-Metg0dmhy4qMZGin8XFF7us=
gAAAAABoYwMtA1Eh2YM2DmAICyK8wSGFl_1nOsCXE0-80x2g459t0zXJGI0drJ10zNNl7ky2kE7JGi0WEW-wGyAU6pyG5HnepBnG8-qwDjBmT99jmwjzdME=
gAAAAABoYwMui3snuQPXJ4MZXdjIS8JzetuGee0P8j5RUngCShAvdumA82vbviIAyUgywDrkrjzES0okFVWE5WibEbucSooE9Uqb60xKrk9X_eBo2G82-PlxGjYjtb7KHhmogD96jGIs
gAAAAABoYwMuUehD0FgQJTWBl0mbbR0kLwX3bCy8_SQqzlQDsKjkq9MJe1hKinzXg2naQdhUYo1AWpMp6524-JoxlnP6K0Qq5ZkYzP0yFw3W3R8ucvyhwtGrAs_iaR7g5rmA7R1EXs1R
gAAAAABoYwMuVk6xOCRQ5Ewa0fy_sSdKs9Bve6ARtE43CbzjTP4JOn3t59_74adDnMKoQEFaLxpdx5Q4kkSgrher1YjFXR6hGc4pgnt-iwo9-7TPNfFzCNXunF034k_EmonN_nx7hTqu
gAAAAABoYwMvnWQWqAlrhiolhNvvWYjbSFUefVXz690nsmQZsltH_-xXwgll3ucSXYFK9MyVwM2Hy1BRu6Kd3JTCTJA5pT0Vr_14fm0Ap5Sk9XsKIN3I4i0=
gAAAAABoYwMvrfjWoNfPnWg9BqBWB0xDVrs88-AwsbNjEJCPPBvnsp7NebPTS26RpRZ5U_Hgem_Eix_NZ4_Ue5nX9JdbsGozKUjBO7LRhqH2_-MxMnTGSao=
gAAAAABoYwMwSx01VEpBkL2XWmwaLaYhvjIC7o3CcUcrHK9xqcuT7Z-eIqUKWS7wxnbiTrnWtIQ8yI05Y3aAYML4Vlde5GA0OY--3vC1E10DH5bZFYNfw7Y=
gAAAAABoYwMwUuCku0cfklB2moaJGBgT0Lc7HiLS8h7G2NEAzceE6vlbYC8S9K3LSXHlE-eYDFWifH4Iiv8a66OwIv0HrRmpiRKyqJvLbJdMJ1SyzRyceKc=
gAAAAABoYwMwxn-l_higgdLQlrm8QLUhgd13pxLqwWMv2zT-MnsmBzePlZvHJUNnRRVjDklSriL8K9YU-C44OZaMHcKdunL6UA5Ui4Q-4tcivd_5Su_iZRE=
gAAAAABoYwMwGLIHkbI5iyW1VjyxEmB4jG-vT3Zu8ajP04xK4GAqtmRtn2-ItN8kC6fM0b8GnFn6_BSLluYbo5sG5NJ-VhHw44XYd4_9agYzNrD0lKRCRHQ=
gAAAAABoYwODO8PnIilzY45THqZ92w7bovgVrFkWJjqUnKE03NP2c5RFFhnOCfURux3f2_rx48uGu9XQq8e4fkDE7PJWgXpW0ySsV5A4cNEM7qnxpPbcXv8=
gAAAAABoYwOE7Dly7KFVBhzFKx7fJQdPF7xYqwqWmu54gomAWAz-Ll88DfNJIL_5R_PTO74QgCesFfyk5Sv3GtbD5xyTqMGWF6vhpmUvI4xCUqIZivNGPYo=
gAAAAABoYwOEVmdnZAWTjRJQUowbpw0iQBe-F2A_S-080V_wZFI0xBG7BYtK5e4E8BEv_eYsxQ38uwM8OZKKUP4Xmy6MCyobxEjtVn5LbDjgWqLAF9aQMJ8=
gAAAAABoYwOFwDuHBz8XM5qlBYl6DTnS8BL7FDEQVymxTZziCF63PbTr19AIj8dplgKHLTMk2hnQ7-aXfhqwNjUnAk_lKUKHyOQsrfKdIbhXcdotqAjS46E=
gAAAAABoYwOFR5M149mQetk-WLeQdT2XTo5PPw7BFo4ONKCJYLAmoSHSOS6Zjref1jiZT_3OI698jZ0x1L3e9ld_jnnA1x0sVkMVqKaVJjkl-x1SdyH-VME=
gAAAAABoYwOIMgHPNrV_xrBwDAyFnZ_DPRI6FxEL0C1lQFsvIIWAmfz8vd5a9wzL7XA65DmShFp6iKu78CvpzDz3JdLxtx0bQpk2ug_HAG-1wbFcn6N09ao=
gAAAAABoYwOIGJKIcgFez5hEMgj_FJovrxlElVm26k0TZIsEKlr07SaMrf9HPUD-Qc1hF9z1cuP1ByDhpV5SoNLKL3KW2aL9qQWgq1manV_dcL7MW7264hc=
gAAAAABoYwOJ8r1JuLvsD3LXxk4L4AAckOYwPzA5SQFKQsgGwtaYSYbhe_IFxQXYwgUlkmOCvRaqhSQmGc4zGeHYFBONUSi4EBSAyap75dGGZ8sen2f2VVo=
gAAAAABoYwOJ9GWElkuwRNBD6aM9ye5lPy-iPAUFJ768skglszWVIKJ2D6S7JxT8HWcFQAoLt7Ct2n5HDtwJfT-SMB4HPfZsqkFxWkkd8-oI12VCqtlUDvI=
gAAAAABoYwOJNkPtIrpLrGFdygr3rcT_h2UItTIVWpFCyZ0QfyNsH_uF89fnfbHb3VkD9yzwbcFnm8sv6rvDmRgRG6OfZ6zDjnAYqUFCEEMj7wqGVirpriA=
gAAAAABoYwOJKiL4tHhxoBV2k8hjq0bjRzCGSOU9cE8KmtCG7bD0_elleK_PsdsRNH9DE-tY9qpt71pX771lb44ZIXEfXU3XyCvSaPh3PItQHvCQavlQ7MY=
gAAAAABoYwOKJyueMzAsrB817Fskx1PP5PjjzVrWyiQL9uXjvOenJAAeqpNbWHuxTF4ZR-YjT0eQhQCHscxK4_g3vY6mSvMCHL-AxYikrcXRSAYxufwQ28k=
gAAAAABoYwOKkD5VopUgdCOWEJuYca-7DjVHGcFlUH4sufR2Xs4Hl2Ul6iw0YoEO_cZsXPVqMb0gcAzqfZT1N4irBwL31TR4-6UBWXHDsWPolfR2dKTsEkw=
gAAAAABoYwOLb9jBmoVK5iUqajRSqSzfMZMKWuqvgdZsHpLeU1PgW5YAhPwOJaOZ5WA6u3TgDq9F1-ZrLuocSdrqosDcjFLMvfdF9SbkUdL6UsJ_yf-cX_o=
gAAAAABoYwOLyHyNq6LtMukZrMPO3-cqvw18O1UKkeHkkUB_VRKFj_RzhhvyMxHBWgGobxCIAZx3dq5l3o-YSoobXLf1qdWXZgDiLb2qphoRQXGRCcwZPZw=
gAAAAABoYwOLu-RScyqr1x34yp0FOvanUeJPQwveJYWFR4HRnKpuC68cyFXmiKbZcm1Ag0Zlq2IBJXQ9-SBuMJl65NKsQAORLnRPvBz6oQmfbcH4kCZAmHY=
gAAAAABoYwOL4hNDA3wdngvsz0WjIXXV_TLEaLlWmtjTsiPI0iuhu5WhmtPqFKGo_QBB3ZagWC3SaqkYjuIu9fr5giLKOEj8oLH3iCz93TefJ6Rc6XroCLA=
gAAAAABoYwOMRl8t1NVs2ZsMV52lRM0nmCs9Rggta1XKiB9YIC9R78VpsJ4ryr5fHvK0KofTTF28OPY2zQUaUzAAkj_MxFL31CJusiWEHReWMuZFHpbWT-g=
gAAAAABoYwOMaZBKZQ6FuHgP26bcv0gW-ZqUOLggA7fapMhDDOUt-UeD43jpnUncl2sZjRYvgw_c536qmQQa_ZY9rByDE1pw_mzRw0Ylzcpz09pA4zk9xa0=
gAAAAABoYwOMwAEdichyTqK6vRtoyalzaV-ef1baJgiIIAs0o9kw56lckC-aDXunPi3zIlg5Jybs8NooNG4Mod_WrDRMsI4Zj3cAcaeypE35p3z0eTE2J28=
gAAAAABoYwONwnP0xca08-V8xHeI4-P7vp005BbGUDkbEL6XTdM5cAdJDJaQc08x9cO5JAFRZg9qtWgrEscrDg55wObeKLw3JrhNXxuTrQALkj2zA03KMt8=
gAAAAABoYwONYc0CUXYEjs6OXOAEcVyAo90qYJoaIKy2Du2qecYQA2wj4NwuRh4a5qUrvVmsaHHK2q1iHv8R-iuMqPcvYkcS_HZJSp-7Sh7Q-8HQJ0fDloE=
gAAAAABoYwONBHMjGLb4hCylW46zbwF3ZKxV1n8GeI-o0APKzmJnR0DdIR4PkhCtqxejqgoILLQSx3Fex3EHU3lixE_zQi85Zx4TWrMu4Hyf32wv5ewTdFs=
gAAAAABoYwONnqywDS-BtsThBABNg-4fEaWbWkE0ta8apG07QwQbmO272vDGsy6HzL6ZHvpPgTdr4Lyrd3GJeSinkiEU_iEFsyYXIETmFGqdBpQLu2EJoT4=
gAAAAABoYwON6cK-6gfcwQoouePUhwryVa2EsVGsVPraraTE_0iWxPmWcUBGbTyx1jRlZiHmxugVdkd34YxaSOPvjntMCFRg39fzQbi9xMTT4QuImDJdvNc=
gAAAAABoYwOOexziCZrxf-DGg5IP9Q41sBFJz0qMvVpl0dZv-XXS4Ju5nO7ZRDXhjADMqtbLOd538-Riajox1mHsL5hB3xIn9pO28cBsQf-pCHJrCCzTfQk=
gAAAAABoYwOO3MiMqM27zb6AY2LuLg9SBaza83jLCnKkXuKIxluT64UG1-4BSCe9sRcbNHHJvK56piuNem0j1EexVMQA2BUd2MuJ8dP7dWZXqvuyAO_0VJU=
gAAAAABoYwOOEqyvr6H8nYjIBKK-L0mpr6vN_oGoGY_38h_oxuWG4Oh1g1iHYMT7XZlQnHbYx1DjkaJD-53OQw-1dEGaJuY94kvhJmKeRbB7_9TXToq94tE=
gAAAAABoYwOORDX7kv4JelLNn-BD_XPlURWsKyyUv0jF7mnJkTw_kU9ctC7z9cbDs9vWwA8lSTBSBCraIfE8WZ0j12OasDZdju__Esl2MaeLczQmvwlQpzY=
gAAAAABoYwOP8okHQutCk6qSBNY-RV3krbL48pXm9Bcluqo1KpCZpYp0ywd-JNzbf0TZQPgLer8dKjAN7yyyuRkOVgp2mUtg32OYk8lihMe998iPQADTADY=
gAAAAABoYwOPn9yfVCPEzw33YpuSyZM6VZBj1u0AhtYL850eosOnoiVwKhFIhH4TlcQ7CGO9_WA9uCfuaxjLyA7XDkNplXLEp1dF_RCbzVQ8XXAOkH5AM5g=
gAAAAABoYwOQovYx56c3MKUzLTp5eEqVfQVNT8pqZHeQn9lHCBdNfd6rgor4XQXuELwjyQnNpeG930MOx1pze9-ZJVtL7Fi1a4VSEtU79JG0fydHLCC6YV8=
gAAAAABoYwORC3dxlrmq6j-yzyuNUh90RqHBUzJlZVuz6JF8FnT5-gDdFOczanTf_FNMdeRzERq5oxPWZssUsNPiCRKjyxd3elWOpJ2ccAViZbCxdyku2xk=
gAAAAABoYwOR7VhXKQlTuXu4GxylX16B4vVxg7ttjLeQFfIg0KpF_zKaqKNKh80zqajMajbOITbqeQ2mSUYRsYHbuW94aI0VPf2KelPWgGTKL-iJXAkX-r_tXF1GJe50KmCzC_AKz2Gz
gAAAAABoYwORLCm2CcQJR7px4vd0kp75kfiN7NmWmk2Bum0WVZKfysH51bmlHFBkLc8spez5DM9sOnph9pW3CeulFnynVl1Cq81KOtKfiQg4MmPXAbzpQ2NPbCFJkhnxPpclZaYEr95c
gAAAAABoYwOSbQ60l7oAHL0z_dFcQkBZ8Rucpo6nh4qdn6ygF80qaJQaTaiKq5nEVUMx2u1XnsIdQs2WRNcmwU0XNTVyrA1FRBYKuPGjzuNv-Qtr0lm6XAY=
gAAAAABoYwOSR8u5M2GK9DQY35dib9OoMLQNLlq6i8CtpOGGF-ZbXftA8L-Egz33kmX6CZiXlMr7cr5GbevgfokWGGRdQ1ZEXmlUAmGbHTDBBEYrD2jG0_k=
gAAAAABoYwOSedyNxRZVNVyrFetBLl22GFgJqsYL1zvRFWo2Klz-A80galaEP-v1kmou7ULHgDFH0MCeSm9tym04N9K031m_hZf9FsA64VPi5piT7w2_tcU=
gAAAAABoYwOTNV0wYQ9b_4sI-rBVwPXvU1sjPBCu1kJ_lxwe77hftRAAV4uo1YGu2w0zNTzRPprPWQ8TDUmLpfFL6wwU-CzH3Lrn1XzMaYf1HC107v2xS2w=
gAAAAABoYwOTrsQUgakbJZ7bG6u_ss3ihbggFWqTvpUWVBnfF1EKx-RbJNXszqmjzdMUo4Sh3mlGA87kYMrYtF4kR_P3BhUXvaMsdHPCv8j1ToqvebP5XhU=
gAAAAABoYwOTqnbTirKHcjjg_dXYyp_Hef5EG6R3dwWBg9CXrfbAhB_AggOJb0k2V9VYkUySejIFXASQrjh3hDHpC9v2aHlygGldB7FSMtp1ccjKna_DlXU=
gAAAAABoYwOTs-k_hcmSiCPQQKPvlgLJIbA7rUSgx5kSZjTvoOnWpBRbQuqd1c2vGmyGYKX9hgsWxObPO55kOnYBoa1X-YoiXeh_DmTa7U_wTH8qHqcTkZ4=
gAAAAABoYwOTPqOt4XNb1L8E-VXlGw0hPRKeQGl8Xcy0Xr4_eZta-D2dEhnR96RTsy9g3a80nOxK_L1Ie3qliKq73vdM2p33pklhg9QOz4Logmnr5E1Fh2Y=
gAAAAABoYwOUDYEu3LO2w7-RVVm1g2XXVbCH5TJ1xVPU8deED6XjVC61VGaZqXNeqoqenO-snsUpcEhn8MG7kF1iqnh9FL2jmL2awcEE3lMZiYGWRWhoPL8=
gAAAAABoYwOUU3L_zmeH26dK1ONgJOTTa144VbWvoo10nvpdcsB0YprO4cQsWH_furaocNd3iXHX1-d-UBWmWtUkvvx23YscVz65nUBmfOyYyfDss_kF3Is=
gAAAAABoYwOUoDGY6F5C4ikbbl667YZLT1Ek-oDrrlgKNo9fUfb5SvBkQ5HhIk_YRhcHah6khF9fgYHWioGv4hD8bOFvIAUb_CfPuaxHOW1mxyVYgV_Q_X4=
gAAAAABoYwOUPqi8g8FsBe8nFZ-ipxg_zzTlROYSZvmmS_F33gJxyJGQFfrPiozrXG0tXG7VM1Rctf2o_uzYeUSdct0VlvJX8xBmrs48G--VZyabUbcXuto=
gAAAAABoYwOUYCSqEzzNTDIBhtXd6XA8EfyJXE4VQv0ygtb6a0ZZlGH-cikeijSeY0iluqeI3eUWbIOzdK0KjOvATG4UjWpboiXYyHMOyNiOP7mP7P88aeI=
gAAAAABoYwOUSmTisDEwp5jrYuExtX5XgBvDtwQnnZGRYl6CNjkQSmWO-91Ii_Jp5lDuCjo4rhXK9goE0IWOUGf4Scydza_xMZ7ryxgyeJzYF2gktSG-sIU=
gAAAAABoYwOU5Rpj_IwmKtFQNU-MCucLVryLpcQ9XG4gSl6xrzrWDgCW_wiwhTXqp5cFeruii4vDNEbV0UwPzeMt4p1keZO1FvevxfTXoUg2GFf4ODZh9Yo=
gAAAAABoYwOUFNYhOUXfc39p--ISHhyzvc4lnZ_z52wx0XtqUuBvMdWmIVe5MZFmF4nWB7vSRAgiaaqaFL-pWcjNPfprE9CzPlDCp2tt5c-Iv4GyqBu-bz4=
gAAAAABoYwOU7kA6N82-xg790rY3YXimZPjHpehz05JXXWmthNzWUWKxH5qvE_l7B3pkkZ0xz53vB4FBDBGmrNklRiqa4O3jt-qTwIK4YIMmPkb8vkYxmzA=
gAAAAABoYwOVBsVtjmBURDedtuhaKlcvfWs88rVu0hnZ0jzlzVQ1wnq8PIrWUjTV-R_9c-BjiPzVfLQj9GMI6YHbz8c2Xw80aipv7k8P-uhRp68SFryuG-A=
gAAAAABoYwOWM09yv0NV-yBKmimG_xiwjfXXcPFtqKgn491OTm9-hEQ6cV8iGlDsYghIs6DvsPq2guGkcqIAcIhn09CZ72b2QqOx-62dWBbDc4ep9dzxdrMoHPef85CJeQtlB5Q8iHSN
gAAAAABoYwOWvKCBsFJBBg9sT6oF53iRJS7YzuJgbNxPsj2DvLDQZxVsz_xIMjKbCdExzz-HLO1OvGVEz7khZtjK8K-pJ-lT-u2Wbm7EWNdIaYAKAKogN9Tue-CdDovon8KrBr2d-5Pe
gAAAAABoYwOWmI2DSYSt5DtiITry6RVIILuNGdRBwqvJJ53MxAEcN9mR5ku3E5J_wI28MiLgc2_UYdmrQkFWz4AsTsLYmN53IxXrXeOhj9kKstX5_VklBQ8=
gAAAAABoYwOXefSXuVMB6aDNq69cTvAh1UtPeIsFRgmej9B-vIRIcOrsO0pA8jgrtxKOXYkJ-Af3gZsk9wVgUt7Lj09fqA2ynwgEpPYoJTy5o-oRug8pScU=
gAAAAABoYwOXuD_UXTy1-qpKE3V4tdJcf2Jw0w1Nic4roT3db7AvcnB4ejEobjeE5BvksJNG-aAk8M0FecGi1t4w1QatErQhud5_pbCDrwJxMY8BaV7M8mI-uCNj6XGbY1K_PtKsjcLR
gAAAAABoYwOXngrdMXW4me7hP20tGGcDXS-jKrcxj1RvGQa25pH-Wuc0fcqztvgMNSVuOuOcreAMp7axs_7koRJi7s1xzdcEbIQMNlfornds4YMZe9Vpv3zeMtSB8QMQ9tzoI5IJ6GcJ
gAAAAABoYwOYvzvN-Ze6tW4gKZG6-F8-E8UWpq61iF44WYzs18Dx20ADPv6t_WHjScjxxyDFsuHxWwM6EpOJM5421-CYayCpWF-nr3AujERTLXUrIH_k24A=
gAAAAABoYwOYMZtsBBQE3Z4LAN1eQp15aXyDDRcaIEXj3kYZcJ_gpSr6HI-NhQ0d3vWqiolv1DJcW2eGAudHBJbiqRtSVrrszeGvqCXirlOAQt6WEsUhPBg=
gAAAAABoYwOY6FRRvQgfg6Sx1TwNwahxAWssnLFiDjXtyQ4vRuSCgoMt61ZSKHq0PWrvlLjwQFJ1k6QH7sl7NFcm3klOv65stj60rOuR3IbIWxSJNn92VfI=
gAAAAABoYwOYdw8Ek9BK6o6qZTKyUk7M1NebyP3bMc72WN2dCM3as9Z_nEPEfIA6Y6f7ZKZJ6zaofMm5Ol8YpK6gmsV21_BpSkp-0Z7GGZYZTOkq0CxolYY=
gAAAAABoYwOY1VJCNFfUZeYAXlFo63ZRYJf5TVdCnHwI_ZNYKVvGZfD1UvgwXYbD7hEbff7jFysffS9q2m183hD03GIQ48hodzL68xgBG-pZV_tgA-abF5k=
gAAAAABoYwOYMcRC6WzM7CtFUlJYcaWERUYDzy5INSkXLvbMuf0KuNQq-oU78e0DIQatM_Y7A_v-CmZhT7q0losDrnmnhEc6nsCsUz9gNbNsLPpR0d18iDk=
gAAAAABoYwOYHo0yBCJfVcycKKNt4A8Im9GZSxz9Fjkx79VlI1Qe_QIgvwMLA4HGBDkgB4CNLkgmP_L0IQxYVsdiZaGKWdylPBdpTi7hIb6_sYenqCw7SnU=
gAAAAABoYwOYMLz2xEGpMEFmF594Q40Kw_hFHXwT9DxT-x91Pyz-SY0rrIygnIZR8CxP97TJ-A8YUDSWYReFqBLpRnkZFY1ZEdRmnqZwmA0jgSazdJdd42A=
gAAAAABoYwWbIazgP5SNS-Iijzua78LpBs8RraYr1uZuzzfZapz74Hyx4t7JDSo6DKLoH2JWfXMQrWWw6MXmdBFJvB1PdxUmKkkoiuGm2hTx7SJGoqokOx0=
gAAAAABoYwWcRDcHki7z8i4o3DCYIm14MIganUtkYWop9iZcU72yBLotH_iIPBc-nYmjqpsPzcKN4x0GWg8djZthKWkxagWwK1OGHQZN4UsLmivMgPkCchU=
gAAAAABoYwWdzQtCex9wvPAAKRCZhhX-A6WXR-sIKyxsi9ubl4Y2V8J0zwaBmxIrqqdefar5BfAqUCw98477bhGB2ZYXCaWLGkQq5SEf8GuAOfIPzhxvbh0=
gAAAAABoYwWexJKkdbEKZ0wh9_pW84VytX2WXxky5U6cfx3rSzlDFz61tdDKlLg-53-v0o88t76rn2YIbEVW9qu8TN4kDLIcwKEZW5XAr-NS_P2cEiUbjaDLJXqFAzYHzYkNdssmQRv2
gAAAAABoYwWfclc0iUCO53X94oVp4l2Bfn1YVkz0R9yqiZ3He5td-AeEkLldVTx2WQpsdRrs9zZBLXqdwAuWEPyieZ-y5VKUCsyGqdJDcQ6iDLYqlsX7K0_2WBee6fMQl73o5rl4EbMX
gAAAAABoYwWfOOdYiEK6N-Q1diP0tN7Bs5IM2BEYSd77nDoIWZH2i87t3gNVcF-jDotMhnSM7m_q1whV4PjtxQHkqbXk7PEYOoWpDDLR50uAm3td0eRLXbo=
gAAAAABoYwWf10LL6qmfJckxgFEE3zTo4dagszMFDJlfaBpYzIw2vP3hgz7FD5ji0SZlxfficUyL8ziw1vxMqmPT4j0tCn940mBldjR8nTsGlpq2r8lBAdE=
gAAAAABoYwWg65SRcnH3DwMzfCOxQyk9zgsaWU1reoAKkQdWvf286vRDWu_WdXtwZiYfFYz8ouk4VDHC1zv9NQLKQ9HW1S7fcbdYCbf94Lz6I_ReiGvOHEI=
gAAAAABoYwWhB1pAmWZ39kNHAu_VCzdhMG8hCzCJejrLIpOkfW4nkTaZzrCijX5SsOksaNQicgmtyANLgOCecLg16iTWBE2ORhr5ZhoaY4jJavNhZRSJULk=
gAAAAABoYwWhrin6PBW0unfHd9eP0fRXQLdnPF7D-xbITGbMCq2KwOamP5Cr0f9YvrZLk7dQ8kn_jjT2GchCK3mqTTR7hUTArxxYkrRdV8Z9RfuouorjC69y5IfP7QdbGvQ9R4psIYxO
gAAAAABoYwWhWLNCcY0aWer32ISYz1nC5WLPi0W7uhUEy0_2z5S7Krk5MzDOQ9Z0rWCHf_f_yzlAgQO57aAVWkTIJYwEUfTQ-lbBFBCVb00M4Rr5ghWVIcSBRQDpalwIOonKcF1NauIx
gAAAAABoYwWhra6Z-ITzgfCQ9WnVhztUaOAeGvuZk23GnV1oZxp9XnYrAPmfuEBGrK6qsR6utaZ-45maSGxojRki7odUxXtgBY2wnJSHvwcpoRCpfpTEq2c=
gAAAAABoYwWivDfq1cf9jQkOwJrei9rPu3-MGZgQI2Ioe9_Z18Fh2F5dJY_ZmcV8Z9sRR41ze8ifkflUlGwTyz-HFwhmHE9pD8OppN_lrL-uSLJRYzW4iv4=
gAAAAABoYwWiEflxzS2ikv66SrIaiGDnG0fb09BRMDh46X-7zyXGfNU7FroshsVzDFHoa0tN0tXdzuC1w-7zQQ1TbpLT259sfIN8nzYD0yJdJRLIWZ2Ibs11soD7Ua5ExajVk787X2H4
gAAAAABoYwWiIxQFZ5N_ET2u_P4Lp9eURVxNHqjxuUGtAgmu9egRa4rOCtjo0laQbGOUNIhuUsNiGDktmey-KhwDGZaS7hieHR9Ts6HQ9HXSgyHNIpTdCpRmnGTBz9B0U67yDaTi0EDy
gAAAAABoYwWj2WLncQdfxuiLdginCjf9HssdnPw1k8bQhplOSWVg-6t7BnjhGZFVzbMpUzcIvblZE63YQMvQo7-5zD5nUmNn2qQeax9pxjqPs4akKAJvfUo=
gAAAAABoYwWj1OJghJAKx5b6jUwG9gVYAiZr2BQe-TpNtE_4bfgs1FxMvTn1-8EbEhg_vVcIPDnQfKeB2bIND67E_RSJxU6eYHXSzLvHfAYVHMbmKrSc4fgIWQSDIoG9kylu8wwX6LJQ
gAAAAABoYwWjAQakxqZARoJgnyKKnCah8H3QS2fjX1OIaqXq6_eEWJvZJs23dpcZoIeZ_OeuqniH0O875gBi6rdNSK-jRKacQUpyYcrPOUFG-dhf2X6w08g=
gAAAAABoYwWjKpfUdGa5tMeRb25KQH-nObJWhJn3DnL26sdmiVqgnA-aquhHXl0LIdXMrF4Tu0FU96aprLYccnAH2VSaOl-upu-KwI-ARxzLbE_kMnKNB1wlIayrA7nARrgLEsr-v6ta
gAAAAABoYwWkGk4NxrMQqXyJ46xr2eL7q9F-NxoaXMjj4BVp6io-1GALdTf-Ouc91cPc7PY7XJdI82us5qTl8cSsAugy-g6JgKpekvV0aKhjsO94cxLZN7lHiyUq5xD27MEm07uNdoXL
gAAAAABoYwWlp9HpqJF4jm59TQ2iFUkj1E1gGmrySBXBoW8H1_G4ztqzIiReyJS_I8VG3_e5iwqXn5vf1rK6_b6KgxzQV67B7beI0QwLzERs_QzjZY9DPA1xl335ZjMf694GtVaYV1oH
gAAAAABoYwWmgaMn5nmLmypk-mP1oIv32wuoBFrzkQLopzE3_U9sN9qp-ouIq_RlyE7W11NGZp3qrDusJLy-wrlXVxBd-HJ11mWjXhBunm1LNeQqLlSyv44=
gAAAAABoYwWntFTnynptgHuW9UuqdZGAHMwN_mXgl7lQ9hz9PPjTd75TX8uUM6bxpTo80RQvKcc98kGazI_mfwNzYRQH75r4H49I5SMfuzO1rrfbPeQhXf_II6uHOXvPZPVf2uShgEDR
gAAAAABoYwWo2HMARHlzuO1d0TCmeoTuUu43tsYliyuz3qHXBhwB4V1deF6Xelywd7y9sheMGn_RR6uHMVRDL6nIpSC3hbyalutmRqDE5UHA8spIt-8yfUOXEWUQMa9TgeLECyIRFf3O
gAAAAABoYwWotgc3YMnr3C6WBU7VzfL5iGTg9e2JY2ZmKrBrZpKjxTbN-dOh_efaufJ_MNGmHc9U4Ylr1b4Ja3b7b-9R1FJbjagFu9o-ZKrEAqVdsBh8AvxYoQfypXs-MExkOL-6nrxz
gAAAAABoYwWplte_nCYBEoDDtsK5K1mGxIuJwML4tTE1HJOIJ-oApLtGKGDBJTf44vHX88PjND-PaNWxAmEj9c79onxx7BRdchcsSmJkggMRpLAuV00Gg9qOs1BkBDLhHjpxOpJX27Fh
gAAAAABoYwWpAfNE46ZAsykj7NWQuDH_NqSdpv9I8nA3hfR1FQC8QY3JWyA8V2K_Z7yJS7ERR-0S4AmoOrb-HIZLAXEEzgUdIlgPlrZ-HDdzfuZMv-iRQPFPr7iMmvqXmQ1Axz7Cm14j
gAAAAABoYwWpSrIE9lW8cmI4t1hCiUHDY0_JP1jAD4s-KjdLe7hJDpBjdful9lJdzjY8VqveZid37d9T_m9VSoXBQs1_eSdZWFSG8tzUvQL-oDV2b2sKMmj0oFBVoEvxwAIRDosPz6lc
gAAAAABoYwWsBUjAe-KsGjg9iyymqDKXXtl5KtjjPDSPxBlDl_j9k8Uax5ftzPYeeHPfWKScNEAhcSnR_J2feQ_jGfWlGe3xjtfmfm_dalplF9yIjqmeXAA=
gAAAAABoYwWsP8bdWV9rLsAiHeldRamkzWHdi_m_Bjheg7gpqd-7lzVPIpjbUruzLH-nPtfc4g5DLmNMfCe_xAq8OZE_ZnjB8rEpat3bC44IayyYVlclBZw=
gAAAAABoYwWslIepsPbDHkK3pfPaKcW2Nplu7059iJQMoZGJKhAteGwy5bQT1xhu3dqyDDEKVQZe2QeZ8QoX7YT8JPtp8KoMJE3G3453sRt_IEIHAq0wbwQ=
gAAAAABoYwWsySizzCm35t9KHqWQxPAXGV4gSXhAiFoobWCLdQhN7yFR7rJqHkPug9AWVRlk6kWGpTCH57zQO71UokAdH6Z5exTiJYDJhYeM2zq2CW9ulGM=
gAAAAABoYwWsw_cB8-As0mOdQ18HjOsVrDHErLGM9y4Py0Pa-bbVTRIF3wQAECYiopiepofu6yMVphcAEReX6vxNit112hW9FGeTRM0MV2CFPvhdPV2UR7A=
gAAAAABoYwWtUt7YA18QPOU260pDZ1r1DZHKpmfMQY_HYOd3Z9BywmV2d7XfGkm2jzsVj8aB6wCdpB93Wma-8MSJZi4h8GKgdbWOYRx79fQf-wz3lRMKKhE=
gAAAAABoYwWt_Uh4_YUNwv9hmwsonAdDN26eDZ_UH939LTheMuzJ22-u5r16hnAU0ZylN00fdSnTR3kL_mdlXAbAWb0vsQ6wzD1su1Nv8VIhEZ_vupvcxws=
gAAAAABoYwWtMeflFXU_5SiWX7pO8B0mJFrQspRi3qa1Qd5zafGzWAmQJ6diULZL5tZPQmat_tri5fxCN_RzoNAY3T0cUghjSJsvPkY1HZToZeghlBqo6O8=
gAAAAABoYwWtDsqNqOx6KUuh65Jh8pqtwMuqT7d3vz_yKa7EKYPT2zBEJnnJCPt1fupU-uko_9L_jHlhBImRadmdWk62awCuTsI3D5LZC4nwVlu9VEAqLv8=
